#
# There is insufficient memory for the Java Runtime Environment to continue.
# Native memory allocation (malloc) failed to allocate 8248 bytes for AllocateHeap
# Possible reasons:
#   The system is out of physical RAM or swap space
#   The process is running with CompressedOops enabled, and the Java Heap may be blocking the growth of the native heap
# Possible solutions:
#   Reduce memory load on the system
#   Increase physical memory or swap space
#   Check if swap backing store is full
#   Decrease Java heap size (-Xmx/-Xms)
#   Decrease number of Java threads
#   Decrease Java thread stack sizes (-Xss)
#   Set larger code cache with -XX:ReservedCodeCacheSize=
#   JVM is running with Zero Based Compressed Oops mode in which the Java heap is
#     placed in the first 32GB address space. The Java Heap base address is the
#     maximum limit for the native heap growth. Please use -XX:HeapBaseMinAddress
#     to set the Java Heap base and to place the Java Heap above 32GB virtual address.
# This output file may be truncated or incomplete.
#
#  Out of Memory Error (allocation.cpp:44), pid=16388, tid=18480
#
# JRE version: Java(TM) SE Runtime Environment (17.0.7+8) (build 17.0.7+8-LTS-224)
# Java VM: Java HotSpot(TM) 64-Bit Server VM (17.0.7+8-LTS-224, mixed mode, sharing, tiered, compressed oops, compressed class ptrs, g1 gc, windows-amd64)
# No core dump will be written. Minidumps are not enabled by default on client versions of Windows
#

---------------  S U M M A R Y ------------

Command Line: -Djava.library.path=C:\Program Files (x86)\opencv\build\java\x64 -javaagent:C:\Program Files\JetBrains\IntelliJ IDEA 2024.1.2\lib\idea_rt.jar=61375:C:\Program Files\JetBrains\IntelliJ IDEA 2024.1.2\bin -Dfile.encoding=UTF-8 --module-path=C:\Program Files (x86)\opencv\build\java\opencv-4100.jar;C:\Users\vovak\.m2\repository\org\openjfx\javafx-base\17.0.2\javafx-base-17.0.2-win.jar;C:\Users\vovak\.m2\repository\org\openjfx\javafx-graphics\17.0.2\javafx-graphics-17.0.2-win.jar;C:\Users\vovak\.m2\repository\org\openjfx\javafx-fxml\17.0.2\javafx-fxml-17.0.2-win.jar;C:\Users\vovak\IdeaProjects\ParallelImages\target\classes;C:\Users\vovak\.m2\repository\org\openjfx\javafx-controls\17.0.2\javafx-controls-17.0.2-win.jar -Djdk.module.main=com.example.parallelimages com.example.parallelimages/com.example.parallelimages.ParallelImagesApplication

Host: Intel(R) Core(TM) i5-8500 CPU @ 3.00GHz, 6 cores, 15G,  Windows 10 , 64 bit Build 19041 (10.0.19041.3636)
Time: Tue Jun  4 18:32:14 2024 RTZ 2 (s 10 , 64 bit Build 19041 (10.0.19041.3636) elapsed time: 2.324808 seconds (0d 0h 0m 2s)

---------------  T H R E A D  ---------------

Current thread (0x00000164d4b75a60):  JavaThread "pool-2-thread-2" [_thread_in_vm, id=18480, stack(0x00000011fc900000,0x00000011fca00000)]

Stack: [0x00000011fc900000,0x00000011fca00000]
Native frames: (J=compiled Java code, j=interpreted, Vv=VM code, C=native code)
V  [jvm.dll+0x676a4a]
[error occurred during error reporting (printing native stack), id 0xc0000005, EXCEPTION_ACCESS_VIOLATION (0xc0000005) at pc=0x00007fffdd31e78c]


---------------  P R O C E S S  ---------------

Threads class SMR info:
_java_thread_list=0x00000164fc707750, length=22, elements={
0x00000164b0cd59a0, 0x00000164d3631060, 0x00000164d3631ed0, 0x00000164d3646fe0,
0x00000164d3648ba0, 0x00000164d364b560, 0x00000164d364bf10, 0x00000164d364cca0,
0x00000164d365b470, 0x00000164d4008070, 0x00000164d40dd060, 0x00000164d44e1480,
0x00000164d44e1950, 0x00000164d4242db0, 0x00000164d5272400, 0x00000164d4b3f9b0,
0x00000164d4b75590, 0x00000164d4b77c10, 0x00000164d4b75f30, 0x00000164d4b76400,
0x00000164d4b750c0, 0x00000164d4b768d0
}
_to_delete_list=0x00000164d5d046d0, length=23, elements={
0x00000164b0cd59a0, 0x00000164d3631060, 0x00000164d3631ed0, 0x00000164d3646fe0,
0x00000164d3648ba0, 0x00000164d364b560, 0x00000164d364bf10, 0x00000164d364cca0,
0x00000164d365b470, 0x00000164d4008070, 0x00000164d40dd060, 0x00000164d44e1480,
0x00000164d44e1950, 0x00000164d4242db0, 0x00000164d5272400, 0x00000164d4b3f9b0,
0x00000164d4b75590, 0x00000164d4b77c10, 0x00000164d4b75f30, 0x00000164d4b76400,
0x00000164d4b750c0, 0x00000164d4b75a60, 0x00000164d4b768d0
}

Java Threads: ( => current thread )
  0x00000164b0cd59a0 JavaThread "main" [_thread_blocked, id=6376, stack(0x00000011fa200000,0x00000011fa300000)]
  0x00000164d3631060 JavaThread "Reference Handler" daemon [_thread_blocked, id=8576, stack(0x00000011fa900000,0x00000011faa00000)]
  0x00000164d3631ed0 JavaThread "Finalizer" daemon [_thread_blocked, id=4648, stack(0x00000011faa00000,0x00000011fab00000)]
  0x00000164d3646fe0 JavaThread "Signal Dispatcher" daemon [_thread_blocked, id=5304, stack(0x00000011fac00000,0x00000011fad00000)]
  0x00000164d3648ba0 JavaThread "Attach Listener" daemon [_thread_blocked, id=18988, stack(0x00000011fad00000,0x00000011fae00000)]
  0x00000164d364b560 JavaThread "Service Thread" daemon [_thread_blocked, id=18832, stack(0x00000011fae00000,0x00000011faf00000)]
  0x00000164d364bf10 JavaThread "Monitor Deflation Thread" daemon [_thread_blocked, id=18752, stack(0x00000011faf00000,0x00000011fb000000)]
  0x00000164d364cca0 JavaThread "C2 CompilerThread0" daemon [_thread_blocked, id=17600, stack(0x00000011fb000000,0x00000011fb100000)]
  0x00000164d365b470 JavaThread "C1 CompilerThread0" daemon [_thread_blocked, id=7192, stack(0x00000011fb100000,0x00000011fb200000)]
  0x00000164d4008070 JavaThread "Sweeper thread" daemon [_thread_blocked, id=19892, stack(0x00000011fb200000,0x00000011fb300000)]
  0x00000164d40dd060 JavaThread "Common-Cleaner" daemon [_thread_blocked, id=11984, stack(0x00000011fb300000,0x00000011fb400000)]
  0x00000164d44e1480 JavaThread "Monitor Ctrl-Break" daemon [_thread_in_native, id=17928, stack(0x00000011fb500000,0x00000011fb600000)]
  0x00000164d44e1950 JavaThread "Notification Thread" daemon [_thread_blocked, id=12892, stack(0x00000011fb600000,0x00000011fb700000)]
  0x00000164d4242db0 JavaThread "QuantumRenderer-0" daemon [_thread_blocked, id=2844, stack(0x00000011fb800000,0x00000011fb900000)]
  0x00000164d5272400 JavaThread "InvokeLaterDispatcher" daemon [_thread_blocked, id=2152, stack(0x00000011fba00000,0x00000011fbb00000)]
  0x00000164d4b3f9b0 JavaThread "JavaFX Application Thread" [_thread_blocked, id=17188, stack(0x00000011fbb00000,0x00000011fbc00000)]
  0x00000164d4b75590 JavaThread "Thread-1" daemon [_thread_in_native, id=6180, stack(0x00000011fb400000,0x00000011fb500000)]
  0x00000164d4b77c10 JavaThread "JavaFX-Launcher" [_thread_blocked, id=8272, stack(0x00000011fbd00000,0x00000011fbe00000)]
  0x00000164d4b75f30 JavaThread "Prism Font Disposer" daemon [_thread_blocked, id=13196, stack(0x00000011fc700000,0x00000011fc800000)]
  0x00000164d4b76400 JavaThread "Cleaner-0" daemon [_thread_blocked, id=21048, stack(0x00000011fc800000,0x00000011fc900000)]
  0x00000164d4b750c0 JavaThread "pool-2-thread-1" [_thread_in_native, id=12720, stack(0x00000011fc300000,0x00000011fc400000)]
  0x00000164d4b768d0 JavaThread "pool-2-thread-3" [_thread_in_native, id=6984, stack(0x00000011fca00000,0x00000011fcb00000)]

Other Threads:
  0x00000164d362b060 VMThread "VM Thread" [stack: 0x00000011fa800000,0x00000011fa900000] [id=16872]
  0x00000164b0d5f450 WatcherThread [stack: 0x00000011fb700000,0x00000011fb800000] [id=11316]
  0x00000164b0d3faf0 GCTaskThread "GC Thread#0" [stack: 0x00000011fa300000,0x00000011fa400000] [id=10608]
  0x00000164d4ae81c0 GCTaskThread "GC Thread#1" [stack: 0x00000011fbe00000,0x00000011fbf00000] [id=2612]
  0x00000164d4b29680 GCTaskThread "GC Thread#2" [stack: 0x00000011fbf00000,0x00000011fc000000] [id=4388]
  0x00000164d56df6d0 GCTaskThread "GC Thread#3" [stack: 0x00000011fc000000,0x00000011fc100000] [id=14000]
  0x00000164d573e6f0 GCTaskThread "GC Thread#4" [stack: 0x00000011fc100000,0x00000011fc200000] [id=11088]
  0x00000164d5751340 GCTaskThread "GC Thread#5" [stack: 0x00000011fc200000,0x00000011fc300000] [id=12008]
  0x00000164b0d50930 ConcurrentGCThread "G1 Main Marker" [stack: 0x00000011fa400000,0x00000011fa500000] [id=14264]
  0x00000164b0d51340 ConcurrentGCThread "G1 Conc#0" [stack: 0x00000011fa500000,0x00000011fa600000] [id=3816]
  0x00000164d34f30e0 ConcurrentGCThread "G1 Refine#0" [stack: 0x00000011fa600000,0x00000011fa700000] [id=7464]
  0x00000164d34f3b00 ConcurrentGCThread "G1 Service" [stack: 0x00000011fa700000,0x00000011fa800000] [id=11116]

=>0x00000164d4b75a60 (exited) JavaThread "pool-2-thread-2" [_thread_in_vm, id=18480, stack(0x00000011fc900000,0x00000011fca00000)]

Threads with active compile tasks:

VM state: not at safepoint (normal execution)

VM Mutex/Monitor currently owned by a thread:  ([mutex/lock_event])
[0x00000164b0ccfe60] Threads_lock - owner thread: 0x00000164d4b75a60

Heap address: 0x0000000701000000, size: 4080 MB, Compressed Oops mode: Zero based, Oop shift amount: 3

CDS archive(s) mapped at: [0x0000000800000000-0x0000000800bd0000-0x0000000800bd0000), size 12386304, SharedBaseAddress: 0x0000000800000000, ArchiveRelocationMode: 0.
Compressed class space mapped at: 0x0000000800c00000-0x0000000840c00000, reserved size: 1073741824
Narrow klass base: 0x0000000800000000, Narrow klass shift: 0, Narrow klass range: 0x100000000

GC Precious Log:
 CPUs: 6 total, 6 available
 Memory: 16318M
 Large Page Support: Disabled
 NUMA Support: Disabled
 Compressed Oops: Enabled (Zero based)
 Heap Region Size: 2M
 Heap Min Capacity: 8M
 Heap Initial Capacity: 256M
 Heap Max Capacity: 4080M
 Pre-touch: Disabled
 Parallel Workers: 6
 Concurrent Workers: 2
 Concurrent Refinement Workers: 6
 Periodic GC: Disabled

Heap:
 garbage-first heap   total 262144K, used 35520K [0x0000000701000000, 0x0000000800000000)
  region size 2048K, 18 young (36864K), 2 survivors (4096K)
 Metaspace       used 13260K, committed 13440K, reserved 1064960K
  class space    used 1751K, committed 1856K, reserved 1048576K

Heap Regions: E=young(eden), S=young(survivor), O=old, HS=humongous(starts), HC=humongous(continues), CS=collection set, F=free, OA=open archive, CA=closed archive, TAMS=top-at-mark-start (previous, next)
|   0|0x0000000701000000, 0x0000000701200000, 0x0000000701200000|100%|HS|  |TAMS 0x0000000701000000, 0x0000000701000000| Complete 
|   1|0x0000000701200000, 0x0000000701200000, 0x0000000701400000|  0%| F|  |TAMS 0x0000000701200000, 0x0000000701200000| Untracked 
|   2|0x0000000701400000, 0x0000000701400000, 0x0000000701600000|  0%| F|  |TAMS 0x0000000701400000, 0x0000000701400000| Untracked 
|   3|0x0000000701600000, 0x0000000701600000, 0x0000000701800000|  0%| F|  |TAMS 0x0000000701600000, 0x0000000701600000| Untracked 
|   4|0x0000000701800000, 0x0000000701800000, 0x0000000701a00000|  0%| F|  |TAMS 0x0000000701800000, 0x0000000701800000| Untracked 
|   5|0x0000000701a00000, 0x0000000701a00000, 0x0000000701c00000|  0%| F|  |TAMS 0x0000000701a00000, 0x0000000701a00000| Untracked 
|   6|0x0000000701c00000, 0x0000000701c00000, 0x0000000701e00000|  0%| F|  |TAMS 0x0000000701c00000, 0x0000000701c00000| Untracked 
|   7|0x0000000701e00000, 0x0000000701e00000, 0x0000000702000000|  0%| F|  |TAMS 0x0000000701e00000, 0x0000000701e00000| Untracked 
|   8|0x0000000702000000, 0x0000000702000000, 0x0000000702200000|  0%| F|  |TAMS 0x0000000702000000, 0x0000000702000000| Untracked 
|   9|0x0000000702200000, 0x0000000702200000, 0x0000000702400000|  0%| F|  |TAMS 0x0000000702200000, 0x0000000702200000| Untracked 
|  10|0x0000000702400000, 0x0000000702400000, 0x0000000702600000|  0%| F|  |TAMS 0x0000000702400000, 0x0000000702400000| Untracked 
|  11|0x0000000702600000, 0x0000000702600000, 0x0000000702800000|  0%| F|  |TAMS 0x0000000702600000, 0x0000000702600000| Untracked 
|  12|0x0000000702800000, 0x0000000702800000, 0x0000000702a00000|  0%| F|  |TAMS 0x0000000702800000, 0x0000000702800000| Untracked 
|  13|0x0000000702a00000, 0x0000000702a00000, 0x0000000702c00000|  0%| F|  |TAMS 0x0000000702a00000, 0x0000000702a00000| Untracked 
|  14|0x0000000702c00000, 0x0000000702c00000, 0x0000000702e00000|  0%| F|  |TAMS 0x0000000702c00000, 0x0000000702c00000| Untracked 
|  15|0x0000000702e00000, 0x0000000702e00000, 0x0000000703000000|  0%| F|  |TAMS 0x0000000702e00000, 0x0000000702e00000| Untracked 
|  16|0x0000000703000000, 0x0000000703000000, 0x0000000703200000|  0%| F|  |TAMS 0x0000000703000000, 0x0000000703000000| Untracked 
|  17|0x0000000703200000, 0x0000000703200000, 0x0000000703400000|  0%| F|  |TAMS 0x0000000703200000, 0x0000000703200000| Untracked 
|  18|0x0000000703400000, 0x0000000703400000, 0x0000000703600000|  0%| F|  |TAMS 0x0000000703400000, 0x0000000703400000| Untracked 
|  19|0x0000000703600000, 0x0000000703600000, 0x0000000703800000|  0%| F|  |TAMS 0x0000000703600000, 0x0000000703600000| Untracked 
|  20|0x0000000703800000, 0x0000000703800000, 0x0000000703a00000|  0%| F|  |TAMS 0x0000000703800000, 0x0000000703800000| Untracked 
|  21|0x0000000703a00000, 0x0000000703a00000, 0x0000000703c00000|  0%| F|  |TAMS 0x0000000703a00000, 0x0000000703a00000| Untracked 
|  22|0x0000000703c00000, 0x0000000703c00000, 0x0000000703e00000|  0%| F|  |TAMS 0x0000000703c00000, 0x0000000703c00000| Untracked 
|  23|0x0000000703e00000, 0x0000000703e00000, 0x0000000704000000|  0%| F|  |TAMS 0x0000000703e00000, 0x0000000703e00000| Untracked 
|  24|0x0000000704000000, 0x0000000704000000, 0x0000000704200000|  0%| F|  |TAMS 0x0000000704000000, 0x0000000704000000| Untracked 
|  25|0x0000000704200000, 0x0000000704200000, 0x0000000704400000|  0%| F|  |TAMS 0x0000000704200000, 0x0000000704200000| Untracked 
|  26|0x0000000704400000, 0x0000000704400000, 0x0000000704600000|  0%| F|  |TAMS 0x0000000704400000, 0x0000000704400000| Untracked 
|  27|0x0000000704600000, 0x0000000704600000, 0x0000000704800000|  0%| F|  |TAMS 0x0000000704600000, 0x0000000704600000| Untracked 
|  28|0x0000000704800000, 0x0000000704800000, 0x0000000704a00000|  0%| F|  |TAMS 0x0000000704800000, 0x0000000704800000| Untracked 
|  29|0x0000000704a00000, 0x0000000704a00000, 0x0000000704c00000|  0%| F|  |TAMS 0x0000000704a00000, 0x0000000704a00000| Untracked 
|  30|0x0000000704c00000, 0x0000000704c00000, 0x0000000704e00000|  0%| F|  |TAMS 0x0000000704c00000, 0x0000000704c00000| Untracked 
|  31|0x0000000704e00000, 0x0000000704e00000, 0x0000000705000000|  0%| F|  |TAMS 0x0000000704e00000, 0x0000000704e00000| Untracked 
|  32|0x0000000705000000, 0x0000000705000000, 0x0000000705200000|  0%| F|  |TAMS 0x0000000705000000, 0x0000000705000000| Untracked 
|  33|0x0000000705200000, 0x0000000705200000, 0x0000000705400000|  0%| F|  |TAMS 0x0000000705200000, 0x0000000705200000| Untracked 
|  34|0x0000000705400000, 0x0000000705400000, 0x0000000705600000|  0%| F|  |TAMS 0x0000000705400000, 0x0000000705400000| Untracked 
|  35|0x0000000705600000, 0x0000000705600000, 0x0000000705800000|  0%| F|  |TAMS 0x0000000705600000, 0x0000000705600000| Untracked 
|  36|0x0000000705800000, 0x0000000705800000, 0x0000000705a00000|  0%| F|  |TAMS 0x0000000705800000, 0x0000000705800000| Untracked 
|  37|0x0000000705a00000, 0x0000000705a00000, 0x0000000705c00000|  0%| F|  |TAMS 0x0000000705a00000, 0x0000000705a00000| Untracked 
|  38|0x0000000705c00000, 0x0000000705c00000, 0x0000000705e00000|  0%| F|  |TAMS 0x0000000705c00000, 0x0000000705c00000| Untracked 
|  39|0x0000000705e00000, 0x0000000705e00000, 0x0000000706000000|  0%| F|  |TAMS 0x0000000705e00000, 0x0000000705e00000| Untracked 
|  40|0x0000000706000000, 0x0000000706000000, 0x0000000706200000|  0%| F|  |TAMS 0x0000000706000000, 0x0000000706000000| Untracked 
|  41|0x0000000706200000, 0x0000000706200000, 0x0000000706400000|  0%| F|  |TAMS 0x0000000706200000, 0x0000000706200000| Untracked 
|  42|0x0000000706400000, 0x0000000706400000, 0x0000000706600000|  0%| F|  |TAMS 0x0000000706400000, 0x0000000706400000| Untracked 
|  43|0x0000000706600000, 0x0000000706600000, 0x0000000706800000|  0%| F|  |TAMS 0x0000000706600000, 0x0000000706600000| Untracked 
|  44|0x0000000706800000, 0x0000000706800000, 0x0000000706a00000|  0%| F|  |TAMS 0x0000000706800000, 0x0000000706800000| Untracked 
|  45|0x0000000706a00000, 0x0000000706a00000, 0x0000000706c00000|  0%| F|  |TAMS 0x0000000706a00000, 0x0000000706a00000| Untracked 
|  46|0x0000000706c00000, 0x0000000706c00000, 0x0000000706e00000|  0%| F|  |TAMS 0x0000000706c00000, 0x0000000706c00000| Untracked 
|  47|0x0000000706e00000, 0x0000000706e00000, 0x0000000707000000|  0%| F|  |TAMS 0x0000000706e00000, 0x0000000706e00000| Untracked 
|  48|0x0000000707000000, 0x0000000707000000, 0x0000000707200000|  0%| F|  |TAMS 0x0000000707000000, 0x0000000707000000| Untracked 
|  49|0x0000000707200000, 0x0000000707200000, 0x0000000707400000|  0%| F|  |TAMS 0x0000000707200000, 0x0000000707200000| Untracked 
|  50|0x0000000707400000, 0x0000000707400000, 0x0000000707600000|  0%| F|  |TAMS 0x0000000707400000, 0x0000000707400000| Untracked 
|  51|0x0000000707600000, 0x0000000707600000, 0x0000000707800000|  0%| F|  |TAMS 0x0000000707600000, 0x0000000707600000| Untracked 
|  52|0x0000000707800000, 0x0000000707800000, 0x0000000707a00000|  0%| F|  |TAMS 0x0000000707800000, 0x0000000707800000| Untracked 
|  53|0x0000000707a00000, 0x0000000707a00000, 0x0000000707c00000|  0%| F|  |TAMS 0x0000000707a00000, 0x0000000707a00000| Untracked 
|  54|0x0000000707c00000, 0x0000000707c00000, 0x0000000707e00000|  0%| F|  |TAMS 0x0000000707c00000, 0x0000000707c00000| Untracked 
|  55|0x0000000707e00000, 0x0000000707e00000, 0x0000000708000000|  0%| F|  |TAMS 0x0000000707e00000, 0x0000000707e00000| Untracked 
|  56|0x0000000708000000, 0x0000000708000000, 0x0000000708200000|  0%| F|  |TAMS 0x0000000708000000, 0x0000000708000000| Untracked 
|  57|0x0000000708200000, 0x0000000708200000, 0x0000000708400000|  0%| F|  |TAMS 0x0000000708200000, 0x0000000708200000| Untracked 
|  58|0x0000000708400000, 0x0000000708400000, 0x0000000708600000|  0%| F|  |TAMS 0x0000000708400000, 0x0000000708400000| Untracked 
|  59|0x0000000708600000, 0x0000000708600000, 0x0000000708800000|  0%| F|  |TAMS 0x0000000708600000, 0x0000000708600000| Untracked 
|  60|0x0000000708800000, 0x0000000708800000, 0x0000000708a00000|  0%| F|  |TAMS 0x0000000708800000, 0x0000000708800000| Untracked 
|  61|0x0000000708a00000, 0x0000000708a00000, 0x0000000708c00000|  0%| F|  |TAMS 0x0000000708a00000, 0x0000000708a00000| Untracked 
|  62|0x0000000708c00000, 0x0000000708c00000, 0x0000000708e00000|  0%| F|  |TAMS 0x0000000708c00000, 0x0000000708c00000| Untracked 
|  63|0x0000000708e00000, 0x0000000708e00000, 0x0000000709000000|  0%| F|  |TAMS 0x0000000708e00000, 0x0000000708e00000| Untracked 
|  64|0x0000000709000000, 0x0000000709000000, 0x0000000709200000|  0%| F|  |TAMS 0x0000000709000000, 0x0000000709000000| Untracked 
|  65|0x0000000709200000, 0x0000000709200000, 0x0000000709400000|  0%| F|  |TAMS 0x0000000709200000, 0x0000000709200000| Untracked 
|  66|0x0000000709400000, 0x0000000709400000, 0x0000000709600000|  0%| F|  |TAMS 0x0000000709400000, 0x0000000709400000| Untracked 
|  67|0x0000000709600000, 0x0000000709600000, 0x0000000709800000|  0%| F|  |TAMS 0x0000000709600000, 0x0000000709600000| Untracked 
|  68|0x0000000709800000, 0x0000000709800000, 0x0000000709a00000|  0%| F|  |TAMS 0x0000000709800000, 0x0000000709800000| Untracked 
|  69|0x0000000709a00000, 0x0000000709a00000, 0x0000000709c00000|  0%| F|  |TAMS 0x0000000709a00000, 0x0000000709a00000| Untracked 
|  70|0x0000000709c00000, 0x0000000709c00000, 0x0000000709e00000|  0%| F|  |TAMS 0x0000000709c00000, 0x0000000709c00000| Untracked 
|  71|0x0000000709e00000, 0x0000000709e00000, 0x000000070a000000|  0%| F|  |TAMS 0x0000000709e00000, 0x0000000709e00000| Untracked 
|  72|0x000000070a000000, 0x000000070a000000, 0x000000070a200000|  0%| F|  |TAMS 0x000000070a000000, 0x000000070a000000| Untracked 
|  73|0x000000070a200000, 0x000000070a200000, 0x000000070a400000|  0%| F|  |TAMS 0x000000070a200000, 0x000000070a200000| Untracked 
|  74|0x000000070a400000, 0x000000070a400000, 0x000000070a600000|  0%| F|  |TAMS 0x000000070a400000, 0x000000070a400000| Untracked 
|  75|0x000000070a600000, 0x000000070a600000, 0x000000070a800000|  0%| F|  |TAMS 0x000000070a600000, 0x000000070a600000| Untracked 
|  76|0x000000070a800000, 0x000000070a800000, 0x000000070aa00000|  0%| F|  |TAMS 0x000000070a800000, 0x000000070a800000| Untracked 
|  77|0x000000070aa00000, 0x000000070aa00000, 0x000000070ac00000|  0%| F|  |TAMS 0x000000070aa00000, 0x000000070aa00000| Untracked 
|  78|0x000000070ac00000, 0x000000070ac00000, 0x000000070ae00000|  0%| F|  |TAMS 0x000000070ac00000, 0x000000070ac00000| Untracked 
|  79|0x000000070ae00000, 0x000000070ae00000, 0x000000070b000000|  0%| F|  |TAMS 0x000000070ae00000, 0x000000070ae00000| Untracked 
|  80|0x000000070b000000, 0x000000070b000000, 0x000000070b200000|  0%| F|  |TAMS 0x000000070b000000, 0x000000070b000000| Untracked 
|  81|0x000000070b200000, 0x000000070b200000, 0x000000070b400000|  0%| F|  |TAMS 0x000000070b200000, 0x000000070b200000| Untracked 
|  82|0x000000070b400000, 0x000000070b400000, 0x000000070b600000|  0%| F|  |TAMS 0x000000070b400000, 0x000000070b400000| Untracked 
|  83|0x000000070b600000, 0x000000070b600000, 0x000000070b800000|  0%| F|  |TAMS 0x000000070b600000, 0x000000070b600000| Untracked 
|  84|0x000000070b800000, 0x000000070b800000, 0x000000070ba00000|  0%| F|  |TAMS 0x000000070b800000, 0x000000070b800000| Untracked 
|  85|0x000000070ba00000, 0x000000070ba00000, 0x000000070bc00000|  0%| F|  |TAMS 0x000000070ba00000, 0x000000070ba00000| Untracked 
|  86|0x000000070bc00000, 0x000000070bc00000, 0x000000070be00000|  0%| F|  |TAMS 0x000000070bc00000, 0x000000070bc00000| Untracked 
|  87|0x000000070be00000, 0x000000070be00000, 0x000000070c000000|  0%| F|  |TAMS 0x000000070be00000, 0x000000070be00000| Untracked 
|  88|0x000000070c000000, 0x000000070c000000, 0x000000070c200000|  0%| F|  |TAMS 0x000000070c000000, 0x000000070c000000| Untracked 
|  89|0x000000070c200000, 0x000000070c200000, 0x000000070c400000|  0%| F|  |TAMS 0x000000070c200000, 0x000000070c200000| Untracked 
|  90|0x000000070c400000, 0x000000070c400000, 0x000000070c600000|  0%| F|  |TAMS 0x000000070c400000, 0x000000070c400000| Untracked 
|  91|0x000000070c600000, 0x000000070c600000, 0x000000070c800000|  0%| F|  |TAMS 0x000000070c600000, 0x000000070c600000| Untracked 
|  92|0x000000070c800000, 0x000000070c800000, 0x000000070ca00000|  0%| F|  |TAMS 0x000000070c800000, 0x000000070c800000| Untracked 
|  93|0x000000070ca00000, 0x000000070ca00000, 0x000000070cc00000|  0%| F|  |TAMS 0x000000070ca00000, 0x000000070ca00000| Untracked 
|  94|0x000000070cc00000, 0x000000070cc00000, 0x000000070ce00000|  0%| F|  |TAMS 0x000000070cc00000, 0x000000070cc00000| Untracked 
|  95|0x000000070ce00000, 0x000000070ce00000, 0x000000070d000000|  0%| F|  |TAMS 0x000000070ce00000, 0x000000070ce00000| Untracked 
|  96|0x000000070d000000, 0x000000070d000000, 0x000000070d200000|  0%| F|  |TAMS 0x000000070d000000, 0x000000070d000000| Untracked 
|  97|0x000000070d200000, 0x000000070d200000, 0x000000070d400000|  0%| F|  |TAMS 0x000000070d200000, 0x000000070d200000| Untracked 
|  98|0x000000070d400000, 0x000000070d400000, 0x000000070d600000|  0%| F|  |TAMS 0x000000070d400000, 0x000000070d400000| Untracked 
|  99|0x000000070d600000, 0x000000070d600000, 0x000000070d800000|  0%| F|  |TAMS 0x000000070d600000, 0x000000070d600000| Untracked 
| 100|0x000000070d800000, 0x000000070d800000, 0x000000070da00000|  0%| F|  |TAMS 0x000000070d800000, 0x000000070d800000| Untracked 
| 101|0x000000070da00000, 0x000000070da00000, 0x000000070dc00000|  0%| F|  |TAMS 0x000000070da00000, 0x000000070da00000| Untracked 
| 102|0x000000070dc00000, 0x000000070dc00000, 0x000000070de00000|  0%| F|  |TAMS 0x000000070dc00000, 0x000000070dc00000| Untracked 
| 103|0x000000070de00000, 0x000000070de00000, 0x000000070e000000|  0%| F|  |TAMS 0x000000070de00000, 0x000000070de00000| Untracked 
| 104|0x000000070e000000, 0x000000070e000000, 0x000000070e200000|  0%| F|  |TAMS 0x000000070e000000, 0x000000070e000000| Untracked 
| 105|0x000000070e200000, 0x000000070e200000, 0x000000070e400000|  0%| F|  |TAMS 0x000000070e200000, 0x000000070e200000| Untracked 
| 106|0x000000070e400000, 0x000000070e400000, 0x000000070e600000|  0%| F|  |TAMS 0x000000070e400000, 0x000000070e400000| Untracked 
| 107|0x000000070e600000, 0x000000070e600000, 0x000000070e800000|  0%| F|  |TAMS 0x000000070e600000, 0x000000070e600000| Untracked 
| 108|0x000000070e800000, 0x000000070e800000, 0x000000070ea00000|  0%| F|  |TAMS 0x000000070e800000, 0x000000070e800000| Untracked 
| 109|0x000000070ea00000, 0x000000070ea00000, 0x000000070ec00000|  0%| F|  |TAMS 0x000000070ea00000, 0x000000070ea00000| Untracked 
| 110|0x000000070ec00000, 0x000000070ec863b0, 0x000000070ee00000| 26%| E|  |TAMS 0x000000070ec00000, 0x000000070ec00000| Complete 
| 111|0x000000070ee00000, 0x000000070f000000, 0x000000070f000000|100%| E|CS|TAMS 0x000000070ee00000, 0x000000070ee00000| Complete 
| 112|0x000000070f000000, 0x000000070f200000, 0x000000070f200000|100%| E|CS|TAMS 0x000000070f000000, 0x000000070f000000| Complete 
| 113|0x000000070f200000, 0x000000070f400000, 0x000000070f400000|100%| E|CS|TAMS 0x000000070f200000, 0x000000070f200000| Complete 
| 114|0x000000070f400000, 0x000000070f600000, 0x000000070f600000|100%| E|CS|TAMS 0x000000070f400000, 0x000000070f400000| Complete 
| 115|0x000000070f600000, 0x000000070f800000, 0x000000070f800000|100%| E|CS|TAMS 0x000000070f600000, 0x000000070f600000| Complete 
| 116|0x000000070f800000, 0x000000070f8b0000, 0x000000070fa00000| 34%| S|CS|TAMS 0x000000070f800000, 0x000000070f800000| Complete 
| 117|0x000000070fa00000, 0x000000070fc00000, 0x000000070fc00000|100%| S|CS|TAMS 0x000000070fa00000, 0x000000070fa00000| Complete 
| 118|0x000000070fc00000, 0x000000070fe00000, 0x000000070fe00000|100%| E|CS|TAMS 0x000000070fc00000, 0x000000070fc00000| Complete 
| 119|0x000000070fe00000, 0x0000000710000000, 0x0000000710000000|100%| E|CS|TAMS 0x000000070fe00000, 0x000000070fe00000| Complete 
| 120|0x0000000710000000, 0x0000000710200000, 0x0000000710200000|100%| E|CS|TAMS 0x0000000710000000, 0x0000000710000000| Complete 
| 121|0x0000000710200000, 0x0000000710400000, 0x0000000710400000|100%| E|CS|TAMS 0x0000000710200000, 0x0000000710200000| Complete 
| 122|0x0000000710400000, 0x0000000710600000, 0x0000000710600000|100%| E|CS|TAMS 0x0000000710400000, 0x0000000710400000| Complete 
| 123|0x0000000710600000, 0x0000000710800000, 0x0000000710800000|100%| E|CS|TAMS 0x0000000710600000, 0x0000000710600000| Complete 
| 124|0x0000000710800000, 0x0000000710a00000, 0x0000000710a00000|100%| E|CS|TAMS 0x0000000710800000, 0x0000000710800000| Complete 
| 125|0x0000000710a00000, 0x0000000710c00000, 0x0000000710c00000|100%| E|CS|TAMS 0x0000000710a00000, 0x0000000710a00000| Complete 
| 126|0x0000000710c00000, 0x0000000710e00000, 0x0000000710e00000|100%| E|CS|TAMS 0x0000000710c00000, 0x0000000710c00000| Complete 
| 127|0x0000000710e00000, 0x0000000711000000, 0x0000000711000000|100%| E|CS|TAMS 0x0000000710e00000, 0x0000000710e00000| Complete 

Card table byte_map: [0x00000164c7e80000,0x00000164c8680000] _byte_map_base: 0x00000164c4678000

Marking Bits (Prev, Next): (CMBitMap*) 0x00000164b0d40100, (CMBitMap*) 0x00000164b0d40140
 Prev Bits: [0x00000164c8e80000, 0x00000164cce40000)
 Next Bits: [0x00000164cce40000, 0x00000164d0e00000)

Polling page: 0x00000164aecb0000

Metaspace:

Usage:
  Non-class:     11.24 MB used.
      Class:      1.71 MB used.
       Both:     12.95 MB used.

Virtual space:
  Non-class space:       16.00 MB reserved,      11.31 MB ( 71%) committed,  2 nodes.
      Class space:        1.00 GB reserved,       1.81 MB ( <1%) committed,  1 nodes.
             Both:        1.02 GB reserved,      13.12 MB (  1%) committed. 

Chunk freelists:
   Non-Class:  656.00 KB
       Class:  2.14 MB
        Both:  2.78 MB

MaxMetaspaceSize: unlimited
CompressedClassSpaceSize: 1.00 GB
Initial GC threshold: 21.00 MB
Current GC threshold: 21.00 MB
CDS: on
MetaspaceReclaimPolicy: balanced
 - commit_granule_bytes: 65536.
 - commit_granule_words: 8192.
 - virtual_space_node_default_size: 1048576.
 - enlarge_chunks_in_place: 1.
 - new_chunks_are_fully_committed: 0.
 - uncommit_free_chunks: 1.
 - use_allocation_guard: 0.
 - handle_deallocations: 1.


Internal statistics:

num_allocs_failed_limit: 0.
num_arena_births: 192.
num_arena_deaths: 0.
num_vsnodes_births: 3.
num_vsnodes_deaths: 0.
num_space_committed: 210.
num_space_uncommitted: 0.
num_chunks_returned_to_freelist: 0.
num_chunks_taken_from_freelist: 589.
num_chunk_merges: 0.
num_chunk_splits: 407.
num_chunks_enlarged: 318.
num_purges: 0.
num_inconsistent_stats: 0.

CodeHeap 'non-profiled nmethods': size=120000Kb used=739Kb max_used=739Kb free=119260Kb
 bounds [0x00000164c0030000, 0x00000164c02a0000, 0x00000164c7560000]
CodeHeap 'profiled nmethods': size=120000Kb used=2925Kb max_used=2925Kb free=117074Kb
 bounds [0x00000164b8560000, 0x00000164b8840000, 0x00000164bfa90000]
CodeHeap 'non-nmethods': size=5760Kb used=1599Kb max_used=1599Kb free=4160Kb
 bounds [0x00000164bfa90000, 0x00000164bfd00000, 0x00000164c0030000]
 total_blobs=2697 nmethods=1673 adapters=936
 compilation: enabled
              stopped_count=0, restarted_count=0
 full_count=0

Compilation events (20 events):
Event: 1.883 Thread 0x00000164d365b470 1664   !   3       jdk.internal.misc.ScopedMemoryAccess::putFloatInternal (37 bytes)
Event: 1.883 Thread 0x00000164d365b470 nmethod 1664 0x00000164b883a610 code [0x00000164b883a7c0, 0x00000164b883aae8]
Event: 1.883 Thread 0x00000164d365b470 1667       3       java.nio.Buffer::remaining (20 bytes)
Event: 1.883 Thread 0x00000164d365b470 nmethod 1667 0x00000164b883ac90 code [0x00000164b883ae20, 0x00000164b883afb8]
Event: 1.883 Thread 0x00000164d365b470 1665       1       com.sun.prism.d3d.D3DResource$D3DRecord::getContext (5 bytes)
Event: 1.883 Thread 0x00000164d365b470 nmethod 1665 0x00000164c00e6a90 code [0x00000164c00e6c20, 0x00000164c00e6cf8]
Event: 1.883 Thread 0x00000164d365b470 1669       1       com.sun.prism.impl.BaseTexture::getPhysicalWidth (5 bytes)
Event: 1.884 Thread 0x00000164d365b470 nmethod 1669 0x00000164c00e6d90 code [0x00000164c00e6f20, 0x00000164c00e6ff8]
Event: 1.884 Thread 0x00000164d365b470 1666       1       com.sun.prism.d3d.D3DContext::getContextHandle (5 bytes)
Event: 1.884 Thread 0x00000164d365b470 nmethod 1666 0x00000164c00e7090 code [0x00000164c00e7220, 0x00000164c00e72f8]
Event: 1.884 Thread 0x00000164d365b470 1671       1       com.sun.prism.impl.BaseTexture::getPhysicalHeight (5 bytes)
Event: 1.884 Thread 0x00000164d365b470 nmethod 1671 0x00000164c00e7390 code [0x00000164c00e7520, 0x00000164c00e75f8]
Event: 1.884 Thread 0x00000164d365b470 1670       1       com.sun.prism.impl.BaseGraphics::isDepthTest (5 bytes)
Event: 1.884 Thread 0x00000164d365b470 nmethod 1670 0x00000164c00e7690 code [0x00000164c00e7820, 0x00000164c00e78f8]
Event: 1.884 Thread 0x00000164d365b470 1660       3       javafx.scene.paint.Color::getOpacity (6 bytes)
Event: 1.884 Thread 0x00000164d365b470 nmethod 1660 0x00000164b883b090 code [0x00000164b883b220, 0x00000164b883b338]
Event: 1.924 Thread 0x00000164d364cca0 1672   !   4       java.util.WeakHashMap::expungeStaleEntries (139 bytes)
Event: 1.933 Thread 0x00000164d364cca0 nmethod 1672 0x00000164c00e7990 code [0x00000164c00e7b60, 0x00000164c00e8b58]
Event: 1.962 Thread 0x00000164d365b470 1673       3       jdk.internal.org.objectweb.asm.FieldWriter::visitEnd (1 bytes)
Event: 1.962 Thread 0x00000164d365b470 nmethod 1673 0x00000164b883b410 code [0x00000164b883b5a0, 0x00000164b883b6b8]

GC Heap History (2 events):
Event: 0.671 GC heap before
{Heap before GC invocations=0 (full 0):
 garbage-first heap   total 262144K, used 20480K [0x0000000701000000, 0x0000000800000000)
  region size 2048K, 10 young (20480K), 0 survivors (0K)
 Metaspace       used 4635K, committed 4800K, reserved 1056768K
  class space    used 511K, committed 576K, reserved 1048576K
}
Event: 0.674 GC heap after
{Heap after GC invocations=1 (full 0):
 garbage-first heap   total 262144K, used 2752K [0x0000000701000000, 0x0000000800000000)
  region size 2048K, 2 young (4096K), 2 survivors (4096K)
 Metaspace       used 4635K, committed 4800K, reserved 1056768K
  class space    used 511K, committed 576K, reserved 1048576K
}

Deoptimization events (20 events):
Event: 1.023 Thread 0x00000164d4b3f9b0 Uncommon trap: trap_request=0xffffff45 fr.pc=0x00000164c009a6e0 relative=0x00000000000001e0
Event: 1.023 Thread 0x00000164d4b3f9b0 Uncommon trap: reason=unstable_if action=reinterpret pc=0x00000164c009a6e0 method=java.io.ByteArrayInputStream.read()I @ 8 c2
Event: 1.023 Thread 0x00000164d4b3f9b0 DEOPT PACKING pc=0x00000164c009a6e0 sp=0x00000011fbbfc760
Event: 1.023 Thread 0x00000164d4b3f9b0 DEOPT UNPACKING pc=0x00000164bfae23a3 sp=0x00000011fbbfc718 mode 2
Event: 1.026 Thread 0x00000164d3648ba0 Uncommon trap: trap_request=0xffffff45 fr.pc=0x00000164c00a5cc0 relative=0x0000000000000fa0
Event: 1.026 Thread 0x00000164d3648ba0 Uncommon trap: reason=unstable_if action=reinterpret pc=0x00000164c00a5cc0 method=java.util.concurrent.ConcurrentHashMap.putVal(Ljava/lang/Object;Ljava/lang/Object;Z)Ljava/lang/Object; @ 148 c2
Event: 1.026 Thread 0x00000164d3648ba0 DEOPT PACKING pc=0x00000164c00a5cc0 sp=0x00000011fadfe340
Event: 1.026 Thread 0x00000164d3648ba0 DEOPT UNPACKING pc=0x00000164bfae23a3 sp=0x00000011fadfe2c0 mode 2
Event: 1.028 Thread 0x00000164d3648ba0 Uncommon trap: trap_request=0xffffff45 fr.pc=0x00000164c003fa2c relative=0x000000000000010c
Event: 1.028 Thread 0x00000164d3648ba0 Uncommon trap: reason=unstable_if action=reinterpret pc=0x00000164c003fa2c method=java.lang.StringLatin1.lastIndexOf([BI[BII)I @ 86 c2
Event: 1.028 Thread 0x00000164d3648ba0 DEOPT PACKING pc=0x00000164c003fa2c sp=0x00000011fadfe360
Event: 1.028 Thread 0x00000164d3648ba0 DEOPT UNPACKING pc=0x00000164bfae23a3 sp=0x00000011fadfe2b8 mode 2
Event: 1.866 Thread 0x00000164d4b3f9b0 Uncommon trap: trap_request=0xffffffc6 fr.pc=0x00000164c008b800 relative=0x00000000000005a0
Event: 1.866 Thread 0x00000164d4b3f9b0 Uncommon trap: reason=bimorphic_or_optimized_type_check action=maybe_recompile pc=0x00000164c008b800 method=java.util.concurrent.ConcurrentHashMap.get(Ljava/lang/Object;)Ljava/lang/Object; @ 149 c2
Event: 1.866 Thread 0x00000164d4b3f9b0 DEOPT PACKING pc=0x00000164c008b800 sp=0x00000011fbbfc9d0
Event: 1.866 Thread 0x00000164d4b3f9b0 DEOPT UNPACKING pc=0x00000164bfae23a3 sp=0x00000011fbbfc960 mode 2
Event: 1.867 Thread 0x00000164d4b3f9b0 Uncommon trap: trap_request=0xffffffc6 fr.pc=0x00000164c008b800 relative=0x00000000000005a0
Event: 1.867 Thread 0x00000164d4b3f9b0 Uncommon trap: reason=bimorphic_or_optimized_type_check action=maybe_recompile pc=0x00000164c008b800 method=java.util.concurrent.ConcurrentHashMap.get(Ljava/lang/Object;)Ljava/lang/Object; @ 149 c2
Event: 1.867 Thread 0x00000164d4b3f9b0 DEOPT PACKING pc=0x00000164c008b800 sp=0x00000011fbbfd120
Event: 1.867 Thread 0x00000164d4b3f9b0 DEOPT UNPACKING pc=0x00000164bfae23a3 sp=0x00000011fbbfd0b0 mode 2

Classes unloaded (0 events):
No events

Classes redefined (0 events):
No events

Internal exceptions (20 events):
Event: 0.712 Thread 0x00000164d4b3f9b0 Exception <a 'sun/nio/fs/WindowsException'{0x0000000710a24250}> (0x0000000710a24250) 
thrown [s\open\src\hotspot\share\prims\jni.cpp, line 516]
Event: 0.744 Thread 0x00000164d4b3f9b0 Exception <a 'java/lang/NoSuchMethodError'{0x0000000710894b98}: 'java.lang.Object java.lang.invoke.DirectMethodHandle$Holder.invokeStaticInit(java.lang.Object, java.lang.Object, java.lang.Object, java.lang.Object)'> (0x0000000710894b98) 
thrown [s\open\src\hotspot\share\interpreter\linkResolver.cpp, line 759]
Event: 0.745 Thread 0x00000164d4b3f9b0 Exception <a 'java/lang/NullPointerException'{0x00000007108a0860}> (0x00000007108a0860) 
thrown [s\open\src\hotspot\share\interpreter\linkResolver.cpp, line 1350]
Event: 0.779 Thread 0x00000164d4b3f9b0 Exception <a 'java/lang/ClassNotFoundException'{0x0000000710722918}: com/sun/glass/ui/win/themes> (0x0000000710722918) 
thrown [s\open\src\hotspot\share\prims\jni.cpp, line 535]
Event: 0.781 Thread 0x00000164d4b3f9b0 Exception <a 'java/lang/ClassNotFoundException'{0x000000071072ebc8}: com/sun/glass/ui/win/themes_ru> (0x000000071072ebc8) 
thrown [s\open\src\hotspot\share\prims\jni.cpp, line 535]
Event: 0.781 Thread 0x00000164d4b3f9b0 Exception <a 'java/lang/ClassNotFoundException'{0x000000071072f9d8}: com/sun/glass/ui/win/themes_ru_RU> (0x000000071072f9d8) 
thrown [s\open\src\hotspot\share\prims\jni.cpp, line 535]
Event: 0.855 Thread 0x00000164d4b3f9b0 Exception <a 'java/lang/NoSuchMethodError'{0x0000000710041b30}: 'void java.lang.invoke.DirectMethodHandle$Holder.invokeStaticInit(java.lang.Object, java.lang.Object)'> (0x0000000710041b30) 
thrown [s\open\src\hotspot\share\interpreter\linkResolver.cpp, line 759]
Event: 0.883 Thread 0x00000164d4b3f9b0 Exception <a 'sun/nio/fs/WindowsException'{0x00000007101a4e40}> (0x00000007101a4e40) 
thrown [s\open\src\hotspot\share\prims\jni.cpp, line 516]
Event: 0.906 Thread 0x00000164d4b3f9b0 Implicit null exception at 0x00000164c009cb0f to 0x00000164c009cf64
Event: 0.965 Thread 0x00000164d4b3f9b0 Implicit null exception at 0x00000164c009e28f to 0x00000164c009e6e4
Event: 0.966 Thread 0x00000164d4b3f9b0 Implicit null exception at 0x00000164c005058f to 0x00000164c0050609
Event: 0.992 Thread 0x00000164d4b3f9b0 Exception <a 'java/lang/NoSuchMethodError'{0x000000070f739a98}: 'java.lang.Object java.lang.invoke.DirectMethodHandle$Holder.invokeInterface(java.lang.Object, java.lang.Object, java.lang.Object)'> (0x000000070f739a98) 
thrown [s\open\src\hotspot\share\interpreter\linkResolver.cpp, line 759]
Event: 0.992 Thread 0x00000164d4b3f9b0 Exception <a 'java/lang/IncompatibleClassChangeError'{0x000000070f73d420}: Found class java.lang.Object, but interface was expected> (0x000000070f73d420) 
thrown [s\open\src\hotspot\share\interpreter\linkResolver.cpp, line 826]
Event: 1.035 Thread 0x00000164d4b3f9b0 Exception <a 'java/lang/NoSuchMethodError'{0x000000070f20c910}: 'java.lang.Object java.lang.invoke.DirectMethodHandle$Holder.newInvokeSpecial(java.lang.Object, java.lang.Object, int)'> (0x000000070f20c910) 
thrown [s\open\src\hotspot\share\interpreter\linkResolver.cpp, line 759]
Event: 1.053 Thread 0x00000164d4242db0 Exception <a 'java/lang/NoSuchMethodError'{0x000000070f316898}: 'int java.lang.invoke.DirectMethodHandle$Holder.invokeStaticInit(java.lang.Object, java.lang.Object)'> (0x000000070f316898) 
thrown [s\open\src\hotspot\share\interpreter\linkResolver.cpp, line 759]
Event: 1.877 Thread 0x00000164d4b3f9b0 Exception <a 'java/lang/NoSuchMethodError'{0x000000070ef85730}: 'long java.lang.invoke.DirectMethodHandle$Holder.invokeStatic(java.lang.Object, java.lang.Object, java.lang.Object)'> (0x000000070ef85730) 
thrown [s\open\src\hotspot\share\interpreter\linkResolver.cpp, line 759]
Event: 1.878 Thread 0x00000164d4b3f9b0 Exception <a 'java/lang/NoSuchMethodError'{0x000000070ef88ed8}: 'long java.lang.invoke.DirectMethodHandle$Holder.invokeStaticInit(java.lang.Object, java.lang.Object, java.lang.Object)'> (0x000000070ef88ed8) 
thrown [s\open\src\hotspot\share\interpreter\linkResolver.cpp, line 759]
Event: 1.879 Thread 0x00000164d4b3f9b0 Exception <a 'java/lang/NoSuchMethodError'{0x000000070efa0ae0}: 'java.lang.Object java.lang.invoke.DirectMethodHandle$Holder.newInvokeSpecial(java.lang.Object, java.lang.Object, long)'> (0x000000070efa0ae0) 
thrown [s\open\src\hotspot\share\interpreter\linkResolver.cpp, line 759]
Event: 1.880 Thread 0x00000164d4b3f9b0 Exception <a 'java/lang/NoSuchMethodError'{0x000000070efa4650}: 'java.lang.Object java.lang.invoke.Invokers$Holder.linkToTargetMethod(java.lang.Object, long, java.lang.Object)'> (0x000000070efa4650) 
thrown [s\open\src\hotspot\share\interpreter\linkResolver.cpp, line 759]
Event: 2.323 Thread 0x00000164d4b75a60 Exception <a 'java/lang/Exception'{0x000000070ec00248}: unknown exception> (0x000000070ec00248) 
thrown [s\open\src\hotspot\share\prims\jni.cpp, line 535]

VM Operations (16 events):
Event: 0.129 Executing VM operation: HandshakeAllThreads
Event: 0.129 Executing VM operation: HandshakeAllThreads done
Event: 0.157 Executing VM operation: HandshakeAllThreads
Event: 0.157 Executing VM operation: HandshakeAllThreads done
Event: 0.524 Executing VM operation: HandshakeAllThreads
Event: 0.524 Executing VM operation: HandshakeAllThreads done
Event: 0.656 Executing VM operation: HandshakeAllThreads
Event: 0.656 Executing VM operation: HandshakeAllThreads done
Event: 0.671 Executing VM operation: G1CollectForAllocation
Event: 0.674 Executing VM operation: G1CollectForAllocation done
Event: 0.769 Executing VM operation: HandshakeAllThreads
Event: 0.769 Executing VM operation: HandshakeAllThreads done
Event: 0.804 Executing VM operation: HandshakeAllThreads
Event: 0.804 Executing VM operation: HandshakeAllThreads done
Event: 0.999 Executing VM operation: ICBufferFull
Event: 0.999 Executing VM operation: ICBufferFull done

Events (20 events):
Event: 1.449 loading class java/util/EnumMap$Values
Event: 1.449 loading class java/util/EnumMap$Values done
Event: 1.449 loading class java/util/EnumMap$ValueIterator
Event: 1.449 loading class java/util/EnumMap$EnumMapIterator
Event: 1.449 loading class java/util/EnumMap$EnumMapIterator done
Event: 1.449 loading class java/util/EnumMap$ValueIterator done
Event: 1.450 Thread 0x00000164d5896030 Thread exited: 0x00000164d5896030
Event: 1.527 loading class jdk/internal/misc/ScopedMemoryAccess$Scope
Event: 1.527 loading class jdk/internal/misc/ScopedMemoryAccess$Scope done
Event: 1.862 loading class java/io/UnsupportedEncodingException
Event: 1.862 loading class java/io/UnsupportedEncodingException done
Event: 1.963 Thread 0x00000164d4b750c0 Thread added: 0x00000164d4b750c0
Event: 1.963 Thread 0x00000164d4b75a60 Thread added: 0x00000164d4b75a60
Event: 1.963 Thread 0x00000164d4b768d0 Thread added: 0x00000164d4b768d0
Event: 1.963 Thread 0x00000164d4b785b0 Thread added: 0x00000164d4b785b0
Event: 2.158 Thread 0x00000164d4b785b0 Thread exited: 0x00000164d4b785b0
Event: 2.323 loading class java/lang/Throwable$WrappedPrintStream
Event: 2.323 loading class java/lang/Throwable$PrintStreamOrWriter
Event: 2.323 loading class java/lang/Throwable$PrintStreamOrWriter done
Event: 2.323 loading class java/lang/Throwable$WrappedPrintStream done


Dynamic libraries:
0x00007ff6dfdb0000 - 0x00007ff6dfdc0000 	C:\Program Files\Java\jdk-17\bin\java.exe
0x00007fffdd2f0000 - 0x00007fffdd4e8000 	C:\Windows\SYSTEM32\ntdll.dll
0x00007fffdb410000 - 0x00007fffdb4cd000 	C:\Windows\System32\KERNEL32.DLL
0x00007fffdacc0000 - 0x00007fffdafb6000 	C:\Windows\System32\KERNELBASE.dll
0x00007fffdab30000 - 0x00007fffdac30000 	C:\Windows\System32\ucrtbase.dll
0x00007fffcbe30000 - 0x00007fffcbe4b000 	C:\Program Files\Java\jdk-17\bin\VCRUNTIME140.dll
0x00007fffcc210000 - 0x00007fffcc229000 	C:\Program Files\Java\jdk-17\bin\jli.dll
0x00007fffdd170000 - 0x00007fffdd220000 	C:\Windows\System32\ADVAPI32.dll
0x00007fffdc990000 - 0x00007fffdca2e000 	C:\Windows\System32\msvcrt.dll
0x00007fffdc2c0000 - 0x00007fffdc360000 	C:\Windows\System32\sechost.dll
0x00007fffdc6c0000 - 0x00007fffdc7e3000 	C:\Windows\System32\RPCRT4.dll
0x00007fffdb0e0000 - 0x00007fffdb107000 	C:\Windows\System32\bcrypt.dll
0x00007fffdc040000 - 0x00007fffdc1df000 	C:\Windows\System32\USER32.dll
0x00007fffdb2c0000 - 0x00007fffdb2e2000 	C:\Windows\System32\win32u.dll
0x00007fffdc010000 - 0x00007fffdc03b000 	C:\Windows\System32\GDI32.dll
0x00007fffdafc0000 - 0x00007fffdb0d7000 	C:\Windows\System32\gdi32full.dll
0x00007fffda9e0000 - 0x00007fffdaa7d000 	C:\Windows\System32\msvcp_win.dll
0x00007fffc4910000 - 0x00007fffc4baa000 	C:\Windows\WinSxS\amd64_microsoft.windows.common-controls_6595b64144ccf1df_6.0.19041.4355_none_60b8b9eb71f62e16\COMCTL32.dll
0x00007fffd4c40000 - 0x00007fffd4c4a000 	C:\Windows\SYSTEM32\VERSION.dll
0x00007fffdb600000 - 0x00007fffdb632000 	C:\Windows\System32\IMM32.DLL
0x00007fffccd40000 - 0x00007fffccd4c000 	C:\Program Files\Java\jdk-17\bin\vcruntime140_1.dll
0x00007fffc2d70000 - 0x00007fffc2dfe000 	C:\Program Files\Java\jdk-17\bin\msvcp140.dll
0x00007fff50180000 - 0x00007fff50d5d000 	C:\Program Files\Java\jdk-17\bin\server\jvm.dll
0x00007fffdbe40000 - 0x00007fffdbe48000 	C:\Windows\System32\PSAPI.DLL
0x00007fffd2e70000 - 0x00007fffd2e97000 	C:\Windows\SYSTEM32\WINMM.dll
0x00007fffc0210000 - 0x00007fffc0219000 	C:\Windows\SYSTEM32\WSOCK32.dll
0x00007fffdc920000 - 0x00007fffdc98b000 	C:\Windows\System32\WS2_32.dll
0x00007fffd8810000 - 0x00007fffd8822000 	C:\Windows\SYSTEM32\kernel.appcore.dll
0x00007fffcb2d0000 - 0x00007fffcb2da000 	C:\Program Files\Java\jdk-17\bin\jimage.dll
0x00007fffd1440000 - 0x00007fffd1624000 	C:\Windows\SYSTEM32\DBGHELP.DLL
0x00007fffb7190000 - 0x00007fffb71c4000 	C:\Windows\SYSTEM32\dbgcore.DLL
0x00007fffdac30000 - 0x00007fffdacb2000 	C:\Windows\System32\bcryptPrimitives.dll
0x00007fffd6600000 - 0x00007fffd660e000 	C:\Program Files\Java\jdk-17\bin\instrument.dll
0x00007fffc54c0000 - 0x00007fffc54e5000 	C:\Program Files\Java\jdk-17\bin\java.dll
0x00007fffb5580000 - 0x00007fffb5657000 	C:\Program Files\Java\jdk-17\bin\jsvml.dll
0x00007fffdb640000 - 0x00007fffdbdab000 	C:\Windows\System32\SHELL32.dll
0x00007fffd8a10000 - 0x00007fffd91ad000 	C:\Windows\SYSTEM32\windows.storage.dll
0x00007fffdc360000 - 0x00007fffdc6b3000 	C:\Windows\System32\combase.dll
0x00007fffda390000 - 0x00007fffda3be000 	C:\Windows\SYSTEM32\Wldp.dll
0x00007fffdc7f0000 - 0x00007fffdc8bd000 	C:\Windows\System32\OLEAUT32.dll
0x00007fffdb530000 - 0x00007fffdb5dd000 	C:\Windows\System32\SHCORE.dll
0x00007fffdc8c0000 - 0x00007fffdc915000 	C:\Windows\System32\shlwapi.dll
0x00007fffda8a0000 - 0x00007fffda8c4000 	C:\Windows\SYSTEM32\profapi.dll
0x00007fffcae70000 - 0x00007fffcae89000 	C:\Program Files\Java\jdk-17\bin\net.dll
0x00007fffd3700000 - 0x00007fffd380a000 	C:\Windows\SYSTEM32\WINHTTP.dll
0x00007fffda0f0000 - 0x00007fffda15a000 	C:\Windows\system32\mswsock.dll
0x00007fffc4bc0000 - 0x00007fffc4bd6000 	C:\Program Files\Java\jdk-17\bin\nio.dll
0x00007fffc3400000 - 0x00007fffc3418000 	C:\Program Files\Java\jdk-17\bin\zip.dll
0x00007fffd6510000 - 0x00007fffd652a000 	C:\Program Files\JetBrains\IntelliJ IDEA 2024.1.2\bin\breakgen64.dll
0x00000164d37a0000 - 0x00000164d37a3000 	C:\Users\vovak\.openjfx\cache\17.0.2-ea\api-ms-win-core-console-l1-1-0.dll
0x00000164d37b0000 - 0x00000164d37b3000 	C:\Users\vovak\.openjfx\cache\17.0.2-ea\api-ms-win-core-console-l1-2-0.dll
0x00000164d37c0000 - 0x00000164d37c3000 	C:\Users\vovak\.openjfx\cache\17.0.2-ea\api-ms-win-core-datetime-l1-1-0.dll
0x00000164d37d0000 - 0x00000164d37d3000 	C:\Users\vovak\.openjfx\cache\17.0.2-ea\api-ms-win-core-debug-l1-1-0.dll
0x00000164d37e0000 - 0x00000164d37e3000 	C:\Users\vovak\.openjfx\cache\17.0.2-ea\api-ms-win-core-errorhandling-l1-1-0.dll
0x00000164d37f0000 - 0x00000164d37f4000 	C:\Users\vovak\.openjfx\cache\17.0.2-ea\api-ms-win-core-file-l1-1-0.dll
0x00000164d4c00000 - 0x00000164d4c03000 	C:\Users\vovak\.openjfx\cache\17.0.2-ea\api-ms-win-core-file-l1-2-0.dll
0x00000164d4c10000 - 0x00000164d4c13000 	C:\Users\vovak\.openjfx\cache\17.0.2-ea\api-ms-win-core-file-l2-1-0.dll
0x00000164d4c20000 - 0x00000164d4c23000 	C:\Users\vovak\.openjfx\cache\17.0.2-ea\api-ms-win-core-handle-l1-1-0.dll
0x00000164d4c30000 - 0x00000164d4c33000 	C:\Users\vovak\.openjfx\cache\17.0.2-ea\api-ms-win-core-heap-l1-1-0.dll
0x00000164d4c40000 - 0x00000164d4c43000 	C:\Users\vovak\.openjfx\cache\17.0.2-ea\api-ms-win-core-interlocked-l1-1-0.dll
0x00000164d4c50000 - 0x00000164d4c53000 	C:\Users\vovak\.openjfx\cache\17.0.2-ea\api-ms-win-core-libraryloader-l1-1-0.dll
0x00000164d4c60000 - 0x00000164d4c63000 	C:\Users\vovak\.openjfx\cache\17.0.2-ea\api-ms-win-core-localization-l1-2-0.dll
0x00000164d4c70000 - 0x00000164d4c73000 	C:\Users\vovak\.openjfx\cache\17.0.2-ea\api-ms-win-core-memory-l1-1-0.dll
0x00000164d4c80000 - 0x00000164d4c83000 	C:\Users\vovak\.openjfx\cache\17.0.2-ea\api-ms-win-core-namedpipe-l1-1-0.dll
0x00000164d4c90000 - 0x00000164d4c93000 	C:\Users\vovak\.openjfx\cache\17.0.2-ea\api-ms-win-core-processenvironment-l1-1-0.dll
0x00000164d4ca0000 - 0x00000164d4ca3000 	C:\Users\vovak\.openjfx\cache\17.0.2-ea\api-ms-win-core-processthreads-l1-1-0.dll
0x00000164d4cb0000 - 0x00000164d4cb3000 	C:\Users\vovak\.openjfx\cache\17.0.2-ea\api-ms-win-core-processthreads-l1-1-1.dll
0x00000164d4cc0000 - 0x00000164d4cc3000 	C:\Users\vovak\.openjfx\cache\17.0.2-ea\api-ms-win-core-profile-l1-1-0.dll
0x00000164d4cd0000 - 0x00000164d4cd3000 	C:\Users\vovak\.openjfx\cache\17.0.2-ea\api-ms-win-core-rtlsupport-l1-1-0.dll
0x00000164d4ce0000 - 0x00000164d4ce3000 	C:\Users\vovak\.openjfx\cache\17.0.2-ea\api-ms-win-core-string-l1-1-0.dll
0x00000164d4cf0000 - 0x00000164d4cf3000 	C:\Users\vovak\.openjfx\cache\17.0.2-ea\api-ms-win-core-synch-l1-1-0.dll
0x00000164d4d00000 - 0x00000164d4d03000 	C:\Users\vovak\.openjfx\cache\17.0.2-ea\api-ms-win-core-synch-l1-2-0.dll
0x00000164d4d10000 - 0x00000164d4d13000 	C:\Users\vovak\.openjfx\cache\17.0.2-ea\api-ms-win-core-sysinfo-l1-1-0.dll
0x00000164d4d20000 - 0x00000164d4d23000 	C:\Users\vovak\.openjfx\cache\17.0.2-ea\api-ms-win-core-timezone-l1-1-0.dll
0x00000164d4d30000 - 0x00000164d4d33000 	C:\Users\vovak\.openjfx\cache\17.0.2-ea\api-ms-win-core-util-l1-1-0.dll
0x00000164d4d40000 - 0x00000164d4d43000 	C:\Users\vovak\.openjfx\cache\17.0.2-ea\api-ms-win-crt-conio-l1-1-0.dll
0x00000164d4d50000 - 0x00000164d4d54000 	C:\Users\vovak\.openjfx\cache\17.0.2-ea\api-ms-win-crt-convert-l1-1-0.dll
0x00000164d4d60000 - 0x00000164d4d63000 	C:\Users\vovak\.openjfx\cache\17.0.2-ea\api-ms-win-crt-environment-l1-1-0.dll
0x00000164d4d70000 - 0x00000164d4d73000 	C:\Users\vovak\.openjfx\cache\17.0.2-ea\api-ms-win-crt-filesystem-l1-1-0.dll
0x00000164d4d80000 - 0x00000164d4d83000 	C:\Users\vovak\.openjfx\cache\17.0.2-ea\api-ms-win-crt-heap-l1-1-0.dll
0x00000164d4d90000 - 0x00000164d4d93000 	C:\Users\vovak\.openjfx\cache\17.0.2-ea\api-ms-win-crt-locale-l1-1-0.dll
0x00000164d4da0000 - 0x00000164d4da5000 	C:\Users\vovak\.openjfx\cache\17.0.2-ea\api-ms-win-crt-math-l1-1-0.dll
0x00000164d4db0000 - 0x00000164d4db5000 	C:\Users\vovak\.openjfx\cache\17.0.2-ea\api-ms-win-crt-multibyte-l1-1-0.dll
0x00000164d4dc0000 - 0x00000164d4dd0000 	C:\Users\vovak\.openjfx\cache\17.0.2-ea\api-ms-win-crt-private-l1-1-0.dll
0x00000164d4dd0000 - 0x00000164d4dd3000 	C:\Users\vovak\.openjfx\cache\17.0.2-ea\api-ms-win-crt-process-l1-1-0.dll
0x00000164d4de0000 - 0x00000164d4de4000 	C:\Users\vovak\.openjfx\cache\17.0.2-ea\api-ms-win-crt-runtime-l1-1-0.dll
0x00000164d4df0000 - 0x00000164d4df4000 	C:\Users\vovak\.openjfx\cache\17.0.2-ea\api-ms-win-crt-stdio-l1-1-0.dll
0x00000164d4e00000 - 0x00000164d4e04000 	C:\Users\vovak\.openjfx\cache\17.0.2-ea\api-ms-win-crt-string-l1-1-0.dll
0x00000164d4e10000 - 0x00000164d4e13000 	C:\Users\vovak\.openjfx\cache\17.0.2-ea\api-ms-win-crt-time-l1-1-0.dll
0x00000164d4e20000 - 0x00000164d4e23000 	C:\Users\vovak\.openjfx\cache\17.0.2-ea\api-ms-win-crt-utility-l1-1-0.dll
0x00007fff9f190000 - 0x00007fff9f28c000 	C:\Users\vovak\.openjfx\cache\17.0.2-ea\ucrtbase.dll
0x00007fffd64a0000 - 0x00007fffd64ba000 	C:\Users\vovak\.openjfx\cache\17.0.2-ea\vcruntime140.dll
0x00007fffd6490000 - 0x00007fffd649c000 	C:\Users\vovak\.openjfx\cache\17.0.2-ea\vcruntime140_1.dll
0x00007fffc3460000 - 0x00007fffc34ed000 	C:\Users\vovak\.openjfx\cache\17.0.2-ea\msvcp140.dll
0x00007fffd2ed0000 - 0x00007fffd2efa000 	C:\Users\vovak\.openjfx\cache\17.0.2-ea\prism_d3d.dll
0x00007fffc4630000 - 0x00007fffc47fe000 	C:\Windows\system32\d3d9.dll
0x00007fffd8520000 - 0x00007fffd854f000 	C:\Windows\SYSTEM32\dwmapi.dll
0x00007fffd82c0000 - 0x00007fffd835e000 	C:\Windows\system32\uxtheme.dll
0x00007fffd3640000 - 0x00007fffd36fe000 	C:\Windows\System32\DriverStore\FileRepository\nv_dispi.inf_amd64_618b150331c5f4ad\nvldumdx.dll
0x00007fffda520000 - 0x00007fffda532000 	C:\Windows\SYSTEM32\msasn1.dll
0x00007fffd3600000 - 0x00007fffd3631000 	C:\Windows\SYSTEM32\cryptnet.dll
0x00007fffdb160000 - 0x00007fffdb2be000 	C:\Windows\System32\CRYPT32.dll
0x00007fffd34b0000 - 0x00007fffd35f7000 	C:\Windows\SYSTEM32\drvstore.dll
0x00007fffda6f0000 - 0x00007fffda723000 	C:\Windows\SYSTEM32\devobj.dll
0x00007fffdb110000 - 0x00007fffdb15e000 	C:\Windows\System32\cfgmgr32.dll
0x00007fffda300000 - 0x00007fffda30c000 	C:\Windows\SYSTEM32\cryptbase.dll
0x00007fffda970000 - 0x00007fffda9d7000 	C:\Windows\System32\wintrust.dll
0x00007fffdb5e0000 - 0x00007fffdb5fd000 	C:\Windows\System32\imagehlp.dll
0x00007fffda2e0000 - 0x00007fffda2f8000 	C:\Windows\SYSTEM32\CRYPTSP.dll
0x00007fffd99a0000 - 0x00007fffd99d4000 	C:\Windows\system32\rsaenh.dll
0x00007fffce0b0000 - 0x00007fffd02cd000 	C:\Windows\System32\DriverStore\FileRepository\nv_dispi.inf_amd64_618b150331c5f4ad\nvgpucomp64.dll
0x00007fff56c50000 - 0x00007fff58fff000 	C:\Windows\System32\DriverStore\FileRepository\nv_dispi.inf_amd64_618b150331c5f4ad\nvd3dumx.dll
0x00007fffc3300000 - 0x00007fffc3342000 	C:\Users\vovak\.openjfx\cache\17.0.2-ea\glass.dll
0x00007fffdc1e0000 - 0x00007fffdc2ba000 	C:\Windows\System32\COMDLG32.dll
0x00007fffdca30000 - 0x00007fffdcb5b000 	C:\Windows\System32\ole32.dll
0x00007fffdb2f0000 - 0x00007fffdb404000 	C:\Windows\System32\MSCTF.dll
0x00007fff884c0000 - 0x00007fff88791000 	C:\Windows\system32\nvspcap64.dll
0x00007fffd9ac0000 - 0x00007fffd9af3000 	C:\Windows\SYSTEM32\ntmarta.dll
0x00007fffd91c0000 - 0x00007fffd91e3000 	C:\Windows\SYSTEM32\gpapi.dll
0x00007fffd4250000 - 0x00007fffd428b000 	C:\Windows\SYSTEM32\dxcore.dll
0x00007fff4cb80000 - 0x00007fff4fde5000 	C:\Program Files (x86)\opencv\build\java\x64\opencv_java4100.dll
0x00007fffb5690000 - 0x00007fffb584c000 	C:\Windows\SYSTEM32\MFPlat.DLL
0x00007fff89430000 - 0x00007fff894b5000 	C:\Windows\SYSTEM32\MF.dll
0x00007fffd91f0000 - 0x00007fffd92e2000 	C:\Windows\SYSTEM32\dxgi.dll
0x00007fff841f0000 - 0x00007fff842fa000 	C:\Windows\SYSTEM32\MFReadWrite.dll
0x00007fffd6d50000 - 0x00007fffd6fb3000 	C:\Windows\SYSTEM32\d3d11.dll
0x00007fff52f80000 - 0x00007fff5340e000 	C:\Windows\SYSTEM32\MFCORE.DLL
0x00007fffd9e90000 - 0x00007fffd9edb000 	C:\Windows\SYSTEM32\powrprof.dll

dbghelp: loaded successfully - version: 4.0.5 - missing functions: none
symbol engine: initialized successfully - sym options: 0x614 - pdb path: 